********************************************************************************
DUPLICATOR-LITE PACKAGE-LOG: 27 September, 2022 08:39
NOTICE: Do NOT post to public sites or forums 
********************************************************************************
VERSION:	1.5.0
WORDPRESS:	6.0.2
PHP INFO:	7.3.33 | SAPI: litespeed
SERVER:		Apache 
PHP TIME LIMIT: (0) no time limit imposed 
PHP MAX MEMORY: 4294967296 (512M default) 
MEMORY STACK: 26MB

********************************************************************************
DATABASE:
********************************************************************************
BUILD MODE:   PHP(query limit - 100)
MYSQLTIMEOUT: 5000
MYSQLDUMP:    Not Supported
TABLES: total:59 | filtered:0 | create:59
FILTERED: []
SQL CREATED: 20220927_carmelitadescalza_bf9739f843d978136627_20220927083618_database.sql
SQL FILE SIZE: 8.74MB (9160186)
SQL FILE TIME: 2022-09-27 08:39:28
SQL RUNTIME: 1.32 sec.

********************************************************************************
ARCHIVE (ZIP):
********************************************************************************
ARCHIVE DIR:  /home2/graciel2/public_html/descalza.es
ARCHIVE FILE: 20220927_carmelitadescalza_bf9739f843d978136627_20220927083618_archive.zip
FILTERS: *OFF*
DIRS:
	not set
FILES:
	not set
EXTS:  not set
----------------------------------------
COMPRESSING
SIZE:	473.5MB
STATS:	Dirs 1,947 | Files 12,897
SQL ADDED: 20220927_carmelitadescalza_bf9739f843d978136627_20220927083618_database.sql
ZipArchive Object
(
    [status] => 0
    [statusSys] => 0
    [numFiles] => 14844
    [filename] => /home2/graciel2/public_html/descalza.es/wp-content/backups-dup-lite/tmp/20220927_carmelitadescalza_bf9739f843d978136627_20220927083618_archive.zip
    [comment] => 
)

FILE ADDED TO ZIP: 14843
COMPRESSION RESULT: '1'
COMPRESSED SIZE: 336.68MB
ARCHIVE RUNTIME: 36.29 sec.
MEMORY STACK: 30MB
building installer
[PHP ERR][WARN] MSG:is_readable(): open_basedir restriction in effect. File(/dev/urandom) is not within the allowed path(s): (/home/graciel2:/home2/graciel2:/usr/local/wepanel/filemanager:/usr/lib/php:/usr/local/lib/php:/tmp:/usr/local/bin/wp:/usr/local/bin/composer:/opt/alt/php73) [CODE:2|FILE:/home2/graciel2/public_html/descalza.es/wp-content/plugins/duplicator/classes/class.password.php|LINE:65]
do_action('wp_ajax_duplicator_package_build'), WP_Hook->do_action, WP_Hook->apply_filters, duplicator_package_build, DUP_Package->runZipBuild, DUP_Installer->build, DUP_Installer->create_enhanced_installer_files, DUP_Installer->create_archive_config_file, DUP_PasswordHash->HashPassword, DUP_PasswordHash->get_random_bytes, is_readable, DUP_Handler::error, DUP_Handler::getMessage
PRUEBA DE CONSISTENCIA DEL ARCHIVO: SUPERADA

********************************************************************************
INTEGRITY CHECKS:
********************************************************************************
SQL FILE: 8.74MB
INSTALLER FILE: 73.36KB
ARCHIVE FILE: 338.68MB 
RECUENTO ARCHIVOS/DIRECTORIOS ESPERADOS: 14,844
RECUENTO ARCHIVOS/DIRECTORIOS ACTUALES: 14,843
PRUEBA DE CONSISTENCIA DEL ARCHIVO: Superado

********************************************************************************
RECORD ID:[1]
TOTAL PROCESS RUNTIME: 49.06 sec.
PEAK PHP MEMORY USED: 32MB
DONE PROCESSING => 20220927_carmelitadescalza 27 September, 2022 08:40

